[ 5187610ms] [ERROR] Failed to load resource: the server responded with a status of 500 (Internal Server Error) @ http://localhost:5173/src/lib/api.ts?t=1774515851421:0
[ 5187612ms] [ERROR] [vite] Failed to reload /src/pages/Solutions.tsx. This could be due to syntax errors or importing non-existent modules. (see errors above) @ http://localhost:5173/@vite/client:881
[ 6006017ms] [ERROR] Failed to load resource: net::ERR_NETWORK_CHANGED @ http://localhost:5173/src/components/ui/card.tsx:0
[ 6006042ms] [ERROR] Error handled by React Router default ErrorBoundary: TypeError: Failed to fetch dynamically imported module: http://localhost:5173/src/pages/Solutions.tsx?t=1774515885961 @ http://localhost:5173/node_modules/.vite/deps/react-router.js?v=147fc0b0:6315
[ 6006046ms] [ERROR] Error handled by React Router default ErrorBoundary: TypeError: Failed to fetch dynamically imported module: http://localhost:5173/src/pages/Solutions.tsx?t=1774515885961 @ http://localhost:5173/node_modules/.vite/deps/react-router.js?v=147fc0b0:6315
[ 6006053ms] [ERROR] Error handled by React Router default ErrorBoundary: TypeError: Failed to fetch dynamically imported module: http://localhost:5173/src/pages/Solutions.tsx?t=1774515885961 @ http://localhost:5173/node_modules/.vite/deps/react-router.js?v=147fc0b0:6315
[ 6006055ms] [ERROR] Error handled by React Router default ErrorBoundary: TypeError: Failed to fetch dynamically imported module: http://localhost:5173/src/pages/Solutions.tsx?t=1774515885961 @ http://localhost:5173/node_modules/.vite/deps/react-router.js?v=147fc0b0:6315
[ 6006067ms] [ERROR] %o

%s

%s
 TypeError: Failed to fetch dynamically imported module: http://localhost:5173/src/pages/Solutions.tsx?t=1774515885961 The above error occurred in one of your React components. React will try to recreate this component tree from scratch using the error boundary you provided, RenderErrorBoundary. @ http://localhost:5173/node_modules/.vite/deps/react-dom_client.js?v=147fc0b0:7000
[ 6006069ms] [ERROR] React Router caught the following error during render TypeError: Failed to fetch dynamically imported module: http://localhost:5173/src/pages/Solutions.tsx?t=1774515885961 @ http://localhost:5173/node_modules/.vite/deps/react-router.js?v=147fc0b0:6354
[ 8224440ms] [ERROR] Failed to load resource: net::ERR_CONNECTION_REFUSED @ http://localhost:8787/admin/solutions/all?limit=1:0
[ 8233023ms] [ERROR] Failed to load resource: net::ERR_CONNECTION_REFUSED @ http://localhost:8787/admin/solutions/all?limit=1:0
[ 8248084ms] [ERROR] Failed to load resource: net::ERR_CONNECTION_REFUSED @ http://localhost:8787/admin/solutions/all?limit=1:0
[ 8261567ms] [ERROR] WebSocket connection to 'ws://localhost:5173/' failed: Error in connection establishment: net::ERR_CONNECTION_REFUSED @ http://localhost:5173/@vite/client:1034
[ 8271096ms] [ERROR] Failed to load resource: net::ERR_CONNECTION_REFUSED @ http://localhost:8787/admin/solutions/all?limit=1:0
[ 8277528ms] [ERROR] Failed to load resource: net::ERR_CONNECTION_REFUSED @ http://localhost:8787/admin/solutions/all?limit=1:0
[ 8411234ms] [ERROR] WebSocket connection to 'ws://localhost:5173/' failed: Error in connection establishment: net::ERR_CONNECTION_REFUSED @ http://localhost:5173/@vite/client:1034
[ 8414568ms] [ERROR] WebSocket connection to 'ws://localhost:5173/' failed: Error in connection establishment: net::ERR_CONNECTION_REFUSED @ http://localhost:5173/@vite/client:1034
[ 8417901ms] [ERROR] WebSocket connection to 'ws://localhost:5173/' failed: Error in connection establishment: net::ERR_CONNECTION_REFUSED @ http://localhost:5173/@vite/client:1034
[ 8421233ms] [ERROR] WebSocket connection to 'ws://localhost:5173/' failed: Error in connection establishment: net::ERR_CONNECTION_REFUSED @ http://localhost:5173/@vite/client:1034
[ 8424558ms] [ERROR] WebSocket connection to 'ws://localhost:5173/' failed: Error in connection establishment: net::ERR_CONNECTION_REFUSED @ http://localhost:5173/@vite/client:1034
[ 8427885ms] [ERROR] WebSocket connection to 'ws://localhost:5173/' failed: Error in connection establishment: net::ERR_CONNECTION_REFUSED @ http://localhost:5173/@vite/client:1034
[ 8431224ms] [ERROR] WebSocket connection to 'ws://localhost:5173/' failed: Error in connection establishment: net::ERR_CONNECTION_REFUSED @ http://localhost:5173/@vite/client:1034
[ 8434550ms] [ERROR] WebSocket connection to 'ws://localhost:5173/' failed: Error in connection establishment: net::ERR_CONNECTION_REFUSED @ http://localhost:5173/@vite/client:1034
[ 8437870ms] [ERROR] WebSocket connection to 'ws://localhost:5173/' failed: Error in connection establishment: net::ERR_CONNECTION_REFUSED @ http://localhost:5173/@vite/client:1034
[ 8441199ms] [ERROR] WebSocket connection to 'ws://localhost:5173/' failed: Error in connection establishment: net::ERR_CONNECTION_REFUSED @ http://localhost:5173/@vite/client:1034
[ 8444523ms] [ERROR] WebSocket connection to 'ws://localhost:5173/' failed: Error in connection establishment: net::ERR_CONNECTION_REFUSED @ http://localhost:5173/@vite/client:1034
[ 8447849ms] [ERROR] WebSocket connection to 'ws://localhost:5173/' failed: Error in connection establishment: net::ERR_CONNECTION_REFUSED @ http://localhost:5173/@vite/client:1034
[ 8451175ms] [ERROR] WebSocket connection to 'ws://localhost:5173/' failed: Error in connection establishment: net::ERR_CONNECTION_REFUSED @ http://localhost:5173/@vite/client:1034
[ 8454495ms] [ERROR] WebSocket connection to 'ws://localhost:5173/' failed: Error in connection establishment: net::ERR_CONNECTION_REFUSED @ http://localhost:5173/@vite/client:1034
[ 8457834ms] [ERROR] WebSocket connection to 'ws://localhost:5173/' failed: Error in connection establishment: net::ERR_CONNECTION_REFUSED @ http://localhost:5173/@vite/client:1034
[ 8461154ms] [ERROR] WebSocket connection to 'ws://localhost:5173/' failed: Error in connection establishment: net::ERR_CONNECTION_REFUSED @ http://localhost:5173/@vite/client:1034
[ 8464481ms] [ERROR] WebSocket connection to 'ws://localhost:5173/' failed: Error in connection establishment: net::ERR_CONNECTION_REFUSED @ http://localhost:5173/@vite/client:1034
[ 8467821ms] [ERROR] WebSocket connection to 'ws://localhost:5173/' failed: Error in connection establishment: net::ERR_CONNECTION_REFUSED @ http://localhost:5173/@vite/client:1034
[ 8471161ms] [ERROR] WebSocket connection to 'ws://localhost:5173/' failed: Error in connection establishment: net::ERR_CONNECTION_REFUSED @ http://localhost:5173/@vite/client:1034
[ 8474520ms] [ERROR] WebSocket connection to 'ws://localhost:5173/' failed: Error in connection establishment: net::ERR_CONNECTION_REFUSED @ http://localhost:5173/@vite/client:1034
[ 8479842ms] [ERROR] WebSocket connection to 'ws://localhost:5173/' failed: Error in connection establishment: net::ERR_CONNECTION_REFUSED @ http://localhost:5173/@vite/client:1034
[ 8488122ms] [ERROR] WebSocket connection to 'ws://localhost:5173/' failed: Error in connection establishment: net::ERR_CONNECTION_REFUSED @ http://localhost:5173/@vite/client:1034
[ 8492979ms] [ERROR] WebSocket connection to 'ws://localhost:5173/' failed: Error in connection establishment: net::ERR_CONNECTION_REFUSED @ http://localhost:5173/@vite/client:1034
[ 8497354ms] [ERROR] WebSocket connection to 'ws://localhost:5173/' failed: Error in connection establishment: net::ERR_CONNECTION_REFUSED @ http://localhost:5173/@vite/client:1034
[ 8505592ms] [ERROR] WebSocket connection to 'ws://localhost:5173/' failed: Error in connection establishment: net::ERR_CONNECTION_REFUSED @ http://localhost:5173/@vite/client:1034
[ 8510390ms] [ERROR] WebSocket connection to 'ws://localhost:5173/' failed: Error in connection establishment: net::ERR_CONNECTION_REFUSED @ http://localhost:5173/@vite/client:1034
[ 8517347ms] [ERROR] WebSocket connection to 'ws://localhost:5173/' failed: Error in connection establishment: net::ERR_CONNECTION_REFUSED @ http://localhost:5173/@vite/client:1034
[ 8522597ms] [ERROR] WebSocket connection to 'ws://localhost:5173/' failed: Error in connection establishment: net::ERR_CONNECTION_REFUSED @ http://localhost:5173/@vite/client:1034
[ 8529722ms] [ERROR] WebSocket connection to 'ws://localhost:5173/' failed: Error in connection establishment: net::ERR_CONNECTION_REFUSED @ http://localhost:5173/@vite/client:1034
[ 8536311ms] [ERROR] WebSocket connection to 'ws://localhost:5173/' failed: Error in connection establishment: net::ERR_CONNECTION_REFUSED @ http://localhost:5173/@vite/client:1034
[ 8541302ms] [ERROR] WebSocket connection to 'ws://localhost:5173/' failed: Error in connection establishment: net::ERR_CONNECTION_REFUSED @ http://localhost:5173/@vite/client:1034
[ 8548974ms] [ERROR] WebSocket connection to 'ws://localhost:5173/' failed: Error in connection establishment: net::ERR_CONNECTION_REFUSED @ http://localhost:5173/@vite/client:1034
[ 8556852ms] [ERROR] WebSocket connection to 'ws://localhost:5173/' failed: Error in connection establishment: net::ERR_CONNECTION_REFUSED @ http://localhost:5173/@vite/client:1034
[ 8562279ms] [ERROR] WebSocket connection to 'ws://localhost:5173/' failed: Error in connection establishment: net::ERR_CONNECTION_REFUSED @ http://localhost:5173/@vite/client:1034
[ 8569217ms] [ERROR] WebSocket connection to 'ws://localhost:5173/' failed: Error in connection establishment: net::ERR_CONNECTION_REFUSED @ http://localhost:5173/@vite/client:1034
[ 8574640ms] [ERROR] WebSocket connection to 'ws://localhost:5173/' failed: Error in connection establishment: net::ERR_CONNECTION_REFUSED @ http://localhost:5173/@vite/client:1034
[ 8579630ms] [ERROR] WebSocket connection to 'ws://localhost:5173/' failed: Error in connection establishment: net::ERR_CONNECTION_REFUSED @ http://localhost:5173/@vite/client:1034
[ 8587135ms] [ERROR] WebSocket connection to 'ws://localhost:5173/' failed: Error in connection establishment: net::ERR_CONNECTION_REFUSED @ http://localhost:5173/@vite/client:1034
[ 8592179ms] [ERROR] WebSocket connection to 'ws://localhost:5173/' failed: Error in connection establishment: net::ERR_CONNECTION_REFUSED @ http://localhost:5173/@vite/client:1034
[ 8595512ms] [ERROR] WebSocket connection to 'ws://localhost:5173/' failed: Error in connection establishment: net::ERR_CONNECTION_REFUSED @ http://localhost:5173/@vite/client:1034
[ 8598832ms] [ERROR] WebSocket connection to 'ws://localhost:5173/' failed: Error in connection establishment: net::ERR_CONNECTION_REFUSED @ http://localhost:5173/@vite/client:1034
[ 8602157ms] [ERROR] WebSocket connection to 'ws://localhost:5173/' failed: Error in connection establishment: net::ERR_CONNECTION_REFUSED @ http://localhost:5173/@vite/client:1034
[ 8605472ms] [ERROR] WebSocket connection to 'ws://localhost:5173/' failed: Error in connection establishment: net::ERR_CONNECTION_REFUSED @ http://localhost:5173/@vite/client:1034
[ 8608857ms] [ERROR] WebSocket connection to 'ws://localhost:5173/' failed: Error in connection establishment: net::ERR_CONNECTION_REFUSED @ http://localhost:5173/@vite/client:1034
[ 8612202ms] [ERROR] WebSocket connection to 'ws://localhost:5173/' failed: Error in connection establishment: net::ERR_CONNECTION_REFUSED @ http://localhost:5173/@vite/client:1034
[ 8615551ms] [ERROR] WebSocket connection to 'ws://localhost:5173/' failed: Error in connection establishment: net::ERR_CONNECTION_REFUSED @ http://localhost:5173/@vite/client:1034
[ 8618906ms] [ERROR] WebSocket connection to 'ws://localhost:5173/' failed: Error in connection establishment: net::ERR_CONNECTION_REFUSED @ http://localhost:5173/@vite/client:1034
[ 8622262ms] [ERROR] WebSocket connection to 'ws://localhost:5173/' failed: Error in connection establishment: net::ERR_CONNECTION_REFUSED @ http://localhost:5173/@vite/client:1034
[ 8625657ms] [ERROR] WebSocket connection to 'ws://localhost:5173/' failed: Error in connection establishment: net::ERR_CONNECTION_REFUSED @ http://localhost:5173/@vite/client:1034
[ 8629017ms] [ERROR] WebSocket connection to 'ws://localhost:5173/' failed: Error in connection establishment: net::ERR_CONNECTION_REFUSED @ http://localhost:5173/@vite/client:1034
[ 8632392ms] [ERROR] WebSocket connection to 'ws://localhost:5173/' failed: Error in connection establishment: net::ERR_CONNECTION_REFUSED @ http://localhost:5173/@vite/client:1034
[ 8635847ms] [ERROR] WebSocket connection to 'ws://localhost:5173/' failed: Error in connection establishment: net::ERR_CONNECTION_REFUSED @ http://localhost:5173/@vite/client:1034
[ 8639521ms] [ERROR] WebSocket connection to 'ws://localhost:5173/' failed: Error in connection establishment: net::ERR_CONNECTION_REFUSED @ http://localhost:5173/@vite/client:1034
[ 8643319ms] [ERROR] WebSocket connection to 'ws://localhost:5173/' failed: Error in connection establishment: net::ERR_CONNECTION_REFUSED @ http://localhost:5173/@vite/client:1034
[ 8647174ms] [ERROR] WebSocket connection to 'ws://localhost:5173/' failed: Error in connection establishment: net::ERR_CONNECTION_REFUSED @ http://localhost:5173/@vite/client:1034
[ 8654354ms] [ERROR] WebSocket connection to 'ws://localhost:5173/' failed: Error in connection establishment: net::ERR_CONNECTION_REFUSED @ http://localhost:5173/@vite/client:1034
[ 8662218ms] [ERROR] WebSocket connection to 'ws://localhost:5173/' failed: Error in connection establishment: net::ERR_CONNECTION_REFUSED @ http://localhost:5173/@vite/client:1034
[ 8668824ms] [ERROR] WebSocket connection to 'ws://localhost:5173/' failed: Error in connection establishment: net::ERR_CONNECTION_REFUSED @ http://localhost:5173/@vite/client:1034
[ 8676830ms] [ERROR] WebSocket connection to 'ws://localhost:5173/' failed: Error in connection establishment: net::ERR_CONNECTION_REFUSED @ http://localhost:5173/@vite/client:1034
[ 8685043ms] [ERROR] WebSocket connection to 'ws://localhost:5173/' failed: Error in connection establishment: net::ERR_CONNECTION_REFUSED @ http://localhost:5173/@vite/client:1034
[ 8690130ms] [ERROR] WebSocket connection to 'ws://localhost:5173/' failed: Error in connection establishment: net::ERR_CONNECTION_REFUSED @ http://localhost:5173/@vite/client:1034
[ 8697265ms] [ERROR] WebSocket connection to 'ws://localhost:5173/' failed: Error in connection establishment: net::ERR_CONNECTION_REFUSED @ http://localhost:5173/@vite/client:1034
[ 8702376ms] [ERROR] WebSocket connection to 'ws://localhost:5173/' failed: Error in connection establishment: net::ERR_CONNECTION_REFUSED @ http://localhost:5173/@vite/client:1034
[ 8708267ms] [ERROR] WebSocket connection to 'ws://localhost:5173/' failed: Error in connection establishment: net::ERR_CONNECTION_REFUSED @ http://localhost:5173/@vite/client:1034
[ 8715574ms] [ERROR] WebSocket connection to 'ws://localhost:5173/' failed: Error in connection establishment: net::ERR_CONNECTION_REFUSED @ http://localhost:5173/@vite/client:1034
[ 8723551ms] [ERROR] WebSocket connection to 'ws://localhost:5173/' failed: Error in connection establishment: net::ERR_CONNECTION_REFUSED @ http://localhost:5173/@vite/client:1034
[ 8728396ms] [ERROR] WebSocket connection to 'ws://localhost:5173/' failed: Error in connection establishment: net::ERR_CONNECTION_REFUSED @ http://localhost:5173/@vite/client:1034
[ 8735953ms] [ERROR] WebSocket connection to 'ws://localhost:5173/' failed: Error in connection establishment: net::ERR_CONNECTION_REFUSED @ http://localhost:5173/@vite/client:1034
[ 8743620ms] [ERROR] WebSocket connection to 'ws://localhost:5173/' failed: Error in connection establishment: net::ERR_CONNECTION_REFUSED @ http://localhost:5173/@vite/client:1034
[ 8748561ms] [ERROR] WebSocket connection to 'ws://localhost:5173/' failed: Error in connection establishment: net::ERR_CONNECTION_REFUSED @ http://localhost:5173/@vite/client:1034
[ 8754061ms] [ERROR] WebSocket connection to 'ws://localhost:5173/' failed: Error in connection establishment: net::ERR_CONNECTION_REFUSED @ http://localhost:5173/@vite/client:1034
[ 8758710ms] [ERROR] WebSocket connection to 'ws://localhost:5173/' failed: Error in connection establishment: net::ERR_CONNECTION_REFUSED @ http://localhost:5173/@vite/client:1034
[ 8766637ms] [ERROR] WebSocket connection to 'ws://localhost:5173/' failed: Error in connection establishment: net::ERR_CONNECTION_REFUSED @ http://localhost:5173/@vite/client:1034
[ 8773200ms] [ERROR] WebSocket connection to 'ws://localhost:5173/' failed: Error in connection establishment: net::ERR_CONNECTION_REFUSED @ http://localhost:5173/@vite/client:1034
[ 8778272ms] [ERROR] WebSocket connection to 'ws://localhost:5173/' failed: Error in connection establishment: net::ERR_CONNECTION_REFUSED @ http://localhost:5173/@vite/client:1034
[ 8784437ms] [ERROR] WebSocket connection to 'ws://localhost:5173/' failed: Error in connection establishment: net::ERR_CONNECTION_REFUSED @ http://localhost:5173/@vite/client:1034
[ 8789753ms] [ERROR] WebSocket connection to 'ws://localhost:5173/' failed: Error in connection establishment: net::ERR_CONNECTION_REFUSED @ http://localhost:5173/@vite/client:1034
[ 8796536ms] [ERROR] WebSocket connection to 'ws://localhost:5173/' failed: Error in connection establishment: net::ERR_CONNECTION_REFUSED @ http://localhost:5173/@vite/client:1034
[ 8799097ms] [ERROR] Access to fetch at 'http://localhost:8787/admin/solutions/all?limit=1' from origin 'http://localhost:5173' has been blocked by CORS policy: Response to preflight request doesn't pass access control check: The 'Access-Control-Allow-Origin' header has a value 'https://sltech.vn' that is not equal to the supplied origin. Have the server send the header with a valid value. @ http://localhost:5173/admin/login:0
[ 8799097ms] [ERROR] Failed to load resource: net::ERR_FAILED @ http://localhost:8787/admin/solutions/all?limit=1:0
[ 8800137ms] [ERROR] Access to fetch at 'http://localhost:8787/admin/solutions/all?limit=1' from origin 'http://localhost:5173' has been blocked by CORS policy: Response to preflight request doesn't pass access control check: The 'Access-Control-Allow-Origin' header has a value 'https://sltech.vn' that is not equal to the supplied origin. Have the server send the header with a valid value. @ http://localhost:5173/admin/login:0
[ 8800137ms] [ERROR] Failed to load resource: net::ERR_FAILED @ http://localhost:8787/admin/solutions/all?limit=1:0
[ 8803102ms] [ERROR] WebSocket connection to 'ws://localhost:5173/' failed: Error in connection establishment: net::ERR_CONNECTION_REFUSED @ http://localhost:5173/@vite/client:1034
[ 8809743ms] [ERROR] WebSocket connection to 'ws://localhost:5173/' failed: Error in connection establishment: net::ERR_CONNECTION_REFUSED @ http://localhost:5173/@vite/client:1034
[ 8812985ms] [ERROR] Access to fetch at 'http://localhost:8787/admin/solutions/all?limit=1' from origin 'http://localhost:5173' has been blocked by CORS policy: Response to preflight request doesn't pass access control check: The 'Access-Control-Allow-Origin' header has a value 'https://sltech.vn' that is not equal to the supplied origin. Have the server send the header with a valid value. @ http://localhost:5173/admin/login:0
[ 8812985ms] [ERROR] Failed to load resource: net::ERR_FAILED @ http://localhost:8787/admin/solutions/all?limit=1:0
[ 8813697ms] [ERROR] Access to fetch at 'http://localhost:8787/admin/solutions/all?limit=1' from origin 'http://localhost:5173' has been blocked by CORS policy: Response to preflight request doesn't pass access control check: The 'Access-Control-Allow-Origin' header has a value 'https://sltech.vn' that is not equal to the supplied origin. Have the server send the header with a valid value. @ http://localhost:5173/admin/login:0
[ 8813697ms] [ERROR] Failed to load resource: net::ERR_FAILED @ http://localhost:8787/admin/solutions/all?limit=1:0
[ 8813839ms] [ERROR] Access to fetch at 'http://localhost:8787/admin/solutions/all?limit=1' from origin 'http://localhost:5173' has been blocked by CORS policy: Response to preflight request doesn't pass access control check: The 'Access-Control-Allow-Origin' header has a value 'https://sltech.vn' that is not equal to the supplied origin. Have the server send the header with a valid value. @ http://localhost:5173/admin/login:0
[ 8813839ms] [ERROR] Failed to load resource: net::ERR_FAILED @ http://localhost:8787/admin/solutions/all?limit=1:0
[ 8813991ms] [ERROR] Access to fetch at 'http://localhost:8787/admin/solutions/all?limit=1' from origin 'http://localhost:5173' has been blocked by CORS policy: Response to preflight request doesn't pass access control check: The 'Access-Control-Allow-Origin' header has a value 'https://sltech.vn' that is not equal to the supplied origin. Have the server send the header with a valid value. @ http://localhost:5173/admin/login:0
[ 8813992ms] [ERROR] Failed to load resource: net::ERR_FAILED @ http://localhost:8787/admin/solutions/all?limit=1:0
[ 8814125ms] [ERROR] Access to fetch at 'http://localhost:8787/admin/solutions/all?limit=1' from origin 'http://localhost:5173' has been blocked by CORS policy: Response to preflight request doesn't pass access control check: The 'Access-Control-Allow-Origin' header has a value 'https://sltech.vn' that is not equal to the supplied origin. Have the server send the header with a valid value. @ http://localhost:5173/admin/login:0
[ 8814125ms] [ERROR] Failed to load resource: net::ERR_FAILED @ http://localhost:8787/admin/solutions/all?limit=1:0
[ 8814928ms] [ERROR] WebSocket connection to 'ws://localhost:5173/' failed: Error in connection establishment: net::ERR_CONNECTION_REFUSED @ http://localhost:5173/@vite/client:1034
[ 8836777ms] [ERROR] Access to fetch at 'http://localhost:8787/admin/solutions/all?limit=1' from origin 'http://localhost:5173' has been blocked by CORS policy: Response to preflight request doesn't pass access control check: The 'Access-Control-Allow-Origin' header has a value 'https://sltech.vn' that is not equal to the supplied origin. Have the server send the header with a valid value. @ http://localhost:5173/admin/login:0
[ 8836778ms] [ERROR] Failed to load resource: net::ERR_FAILED @ http://localhost:8787/admin/solutions/all?limit=1:0
[ 8838930ms] [ERROR] Access to fetch at 'http://localhost:8787/admin/solutions/all?limit=1' from origin 'http://localhost:5173' has been blocked by CORS policy: Response to preflight request doesn't pass access control check: The 'Access-Control-Allow-Origin' header has a value 'https://sltech.vn' that is not equal to the supplied origin. Have the server send the header with a valid value. @ http://localhost:5173/admin/login:0
[ 8838930ms] [ERROR] Failed to load resource: net::ERR_FAILED @ http://localhost:8787/admin/solutions/all?limit=1:0
[ 8839425ms] [ERROR] Access to fetch at 'http://localhost:8787/admin/solutions/all?limit=1' from origin 'http://localhost:5173' has been blocked by CORS policy: Response to preflight request doesn't pass access control check: The 'Access-Control-Allow-Origin' header has a value 'https://sltech.vn' that is not equal to the supplied origin. Have the server send the header with a valid value. @ http://localhost:5173/admin/login:0
[ 8839425ms] [ERROR] Failed to load resource: net::ERR_FAILED @ http://localhost:8787/admin/solutions/all?limit=1:0
[ 8839569ms] [ERROR] Access to fetch at 'http://localhost:8787/admin/solutions/all?limit=1' from origin 'http://localhost:5173' has been blocked by CORS policy: Response to preflight request doesn't pass access control check: The 'Access-Control-Allow-Origin' header has a value 'https://sltech.vn' that is not equal to the supplied origin. Have the server send the header with a valid value. @ http://localhost:5173/admin/login:0
[ 8839569ms] [ERROR] Failed to load resource: net::ERR_FAILED @ http://localhost:8787/admin/solutions/all?limit=1:0
[ 8839721ms] [ERROR] Access to fetch at 'http://localhost:8787/admin/solutions/all?limit=1' from origin 'http://localhost:5173' has been blocked by CORS policy: Response to preflight request doesn't pass access control check: The 'Access-Control-Allow-Origin' header has a value 'https://sltech.vn' that is not equal to the supplied origin. Have the server send the header with a valid value. @ http://localhost:5173/admin/login:0
[ 8839721ms] [ERROR] Failed to load resource: net::ERR_FAILED @ http://localhost:8787/admin/solutions/all?limit=1:0
[ 8839871ms] [ERROR] Access to fetch at 'http://localhost:8787/admin/solutions/all?limit=1' from origin 'http://localhost:5173' has been blocked by CORS policy: Response to preflight request doesn't pass access control check: The 'Access-Control-Allow-Origin' header has a value 'https://sltech.vn' that is not equal to the supplied origin. Have the server send the header with a valid value. @ http://localhost:5173/admin/login:0
[ 8839871ms] [ERROR] Failed to load resource: net::ERR_FAILED @ http://localhost:8787/admin/solutions/all?limit=1:0
[ 8845012ms] [ERROR] Access to fetch at 'http://localhost:8787/admin/solutions/all?limit=1' from origin 'http://localhost:5173' has been blocked by CORS policy: Response to preflight request doesn't pass access control check: The 'Access-Control-Allow-Origin' header has a value 'https://sltech.vn' that is not equal to the supplied origin. Have the server send the header with a valid value. @ http://localhost:5173/admin/login:0
[ 8845012ms] [ERROR] Failed to load resource: net::ERR_FAILED @ http://localhost:8787/admin/solutions/all?limit=1:0
[ 8910109ms] [ERROR] Access to fetch at 'http://localhost:8787/admin/solutions/all?limit=1' from origin 'http://localhost:5173' has been blocked by CORS policy: Response to preflight request doesn't pass access control check: The 'Access-Control-Allow-Origin' header has a value 'https://sltech.vn' that is not equal to the supplied origin. Have the server send the header with a valid value. @ http://localhost:5173/admin/login:0
[ 8910109ms] [ERROR] Failed to load resource: net::ERR_FAILED @ http://localhost:8787/admin/solutions/all?limit=1:0
[ 8977821ms] [ERROR] Failed to load resource: net::ERR_CONNECTION_REFUSED @ http://localhost:8787/admin/solutions/all?limit=1:0
[ 8980848ms] [ERROR] Failed to load resource: net::ERR_CONNECTION_REFUSED @ http://localhost:8787/admin/solutions/all?limit=1:0
[ 9193588ms] [ERROR] Failed to load resource: net::ERR_CONNECTION_REFUSED @ http://localhost:8787/admin/solutions/all?limit=1:0
[10085622ms] [ERROR] Failed to load resource: net::ERR_CONNECTION_REFUSED @ http://localhost:8787/admin/solutions/all?limit=1:0
[10205929ms] [ERROR] Failed to load resource: net::ERR_CONNECTION_REFUSED @ http://localhost:8787/admin/solutions/all?limit=1:0
[10325908ms] [ERROR] Access to fetch at 'http://localhost:8787/admin/solutions/all?limit=1' from origin 'http://localhost:5173' has been blocked by CORS policy: Response to preflight request doesn't pass access control check: The 'Access-Control-Allow-Origin' header has a value 'https://sltech.vn' that is not equal to the supplied origin. Have the server send the header with a valid value. @ http://localhost:5173/admin/login:0
[10325908ms] [ERROR] Failed to load resource: net::ERR_FAILED @ http://localhost:8787/admin/solutions/all?limit=1:0
[10326917ms] [ERROR] Access to fetch at 'http://localhost:8787/admin/solutions/all?limit=1' from origin 'http://localhost:5173' has been blocked by CORS policy: Response to preflight request doesn't pass access control check: The 'Access-Control-Allow-Origin' header has a value 'https://sltech.vn' that is not equal to the supplied origin. Have the server send the header with a valid value. @ http://localhost:5173/admin/login:0
[10326917ms] [ERROR] Failed to load resource: net::ERR_FAILED @ http://localhost:8787/admin/solutions/all?limit=1:0
[10327313ms] [ERROR] Access to fetch at 'http://localhost:8787/admin/solutions/all?limit=1' from origin 'http://localhost:5173' has been blocked by CORS policy: Response to preflight request doesn't pass access control check: The 'Access-Control-Allow-Origin' header has a value 'https://sltech.vn' that is not equal to the supplied origin. Have the server send the header with a valid value. @ http://localhost:5173/admin/login:0
[10327313ms] [ERROR] Failed to load resource: net::ERR_FAILED @ http://localhost:8787/admin/solutions/all?limit=1:0
[10327466ms] [ERROR] Access to fetch at 'http://localhost:8787/admin/solutions/all?limit=1' from origin 'http://localhost:5173' has been blocked by CORS policy: Response to preflight request doesn't pass access control check: The 'Access-Control-Allow-Origin' header has a value 'https://sltech.vn' that is not equal to the supplied origin. Have the server send the header with a valid value. @ http://localhost:5173/admin/login:0
[10327466ms] [ERROR] Failed to load resource: net::ERR_FAILED @ http://localhost:8787/admin/solutions/all?limit=1:0
[10327791ms] [ERROR] Access to fetch at 'http://localhost:8787/admin/solutions/all?limit=1' from origin 'http://localhost:5173' has been blocked by CORS policy: Response to preflight request doesn't pass access control check: The 'Access-Control-Allow-Origin' header has a value 'https://sltech.vn' that is not equal to the supplied origin. Have the server send the header with a valid value. @ http://localhost:5173/admin/login:0
[10327791ms] [ERROR] Failed to load resource: net::ERR_FAILED @ http://localhost:8787/admin/solutions/all?limit=1:0
[10327961ms] [ERROR] Access to fetch at 'http://localhost:8787/admin/solutions/all?limit=1' from origin 'http://localhost:5173' has been blocked by CORS policy: Response to preflight request doesn't pass access control check: The 'Access-Control-Allow-Origin' header has a value 'https://sltech.vn' that is not equal to the supplied origin. Have the server send the header with a valid value. @ http://localhost:5173/admin/login:0
[10327962ms] [ERROR] Failed to load resource: net::ERR_FAILED @ http://localhost:8787/admin/solutions/all?limit=1:0
[10328140ms] [ERROR] Access to fetch at 'http://localhost:8787/admin/solutions/all?limit=1' from origin 'http://localhost:5173' has been blocked by CORS policy: Response to preflight request doesn't pass access control check: The 'Access-Control-Allow-Origin' header has a value 'https://sltech.vn' that is not equal to the supplied origin. Have the server send the header with a valid value. @ http://localhost:5173/admin/login:0
[10328140ms] [ERROR] Failed to load resource: net::ERR_FAILED @ http://localhost:8787/admin/solutions/all?limit=1:0
[10332624ms] [ERROR] Access to fetch at 'http://localhost:8787/admin/solutions/all?limit=1' from origin 'http://localhost:5173' has been blocked by CORS policy: Response to preflight request doesn't pass access control check: The 'Access-Control-Allow-Origin' header has a value 'https://sltech.vn' that is not equal to the supplied origin. Have the server send the header with a valid value. @ http://localhost:5173/admin/login:0
[10332625ms] [ERROR] Failed to load resource: net::ERR_FAILED @ http://localhost:8787/admin/solutions/all?limit=1:0
[10462955ms] [ERROR] Failed to load resource: the server responded with a status of 404 (Not Found) @ http://localhost:8787/admin/solutions/all?limit=1:0
[10463544ms] [ERROR] Failed to load resource: the server responded with a status of 404 (Not Found) @ http://localhost:8787/admin/solutions/all?limit=1:0
[10463696ms] [ERROR] Failed to load resource: the server responded with a status of 404 (Not Found) @ http://localhost:8787/admin/solutions/all?limit=1:0
[10463837ms] [ERROR] Failed to load resource: the server responded with a status of 404 (Not Found) @ http://localhost:8787/admin/solutions/all?limit=1:0
[10463952ms] [ERROR] Failed to load resource: the server responded with a status of 404 (Not Found) @ http://localhost:8787/admin/solutions/all?limit=1:0
[10487303ms] [ERROR] Failed to load resource: the server responded with a status of 404 (Not Found) @ http://localhost:8787/admin/solutions/all?limit=1:0
[10651637ms] [ERROR] Failed to load resource: the server responded with a status of 500 (Internal Server Error) @ http://localhost:8787/api/admin/solutions/all?limit=1:0
[10655344ms] [ERROR] Failed to load resource: the server responded with a status of 500 (Internal Server Error) @ http://localhost:8787/api/admin/solutions/all?limit=1:0
[10656527ms] [ERROR] Failed to load resource: the server responded with a status of 500 (Internal Server Error) @ http://localhost:8787/api/admin/solutions/all?limit=1:0
[10656682ms] [ERROR] Failed to load resource: the server responded with a status of 500 (Internal Server Error) @ http://localhost:8787/api/admin/solutions/all?limit=1:0
[10656820ms] [ERROR] Failed to load resource: the server responded with a status of 500 (Internal Server Error) @ http://localhost:8787/api/admin/solutions/all?limit=1:0
[10656975ms] [ERROR] Failed to load resource: the server responded with a status of 500 (Internal Server Error) @ http://localhost:8787/api/admin/solutions/all?limit=1:0
[10657167ms] [ERROR] Failed to load resource: the server responded with a status of 500 (Internal Server Error) @ http://localhost:8787/api/admin/solutions/all?limit=1:0
[10670579ms] [ERROR] WebSocket connection to 'ws://localhost:5173/' failed: Error in connection establishment: net::ERR_CONNECTION_REFUSED @ http://localhost:5173/@vite/client:1034
[10681027ms] [ERROR] Failed to load resource: the server responded with a status of 500 (Internal Server Error) @ http://localhost:8787/api/admin/solutions/all?limit=1:0
[10682363ms] [ERROR] Failed to load resource: the server responded with a status of 500 (Internal Server Error) @ http://localhost:8787/api/admin/solutions/all?limit=1:0
[10684171ms] [ERROR] Failed to load resource: the server responded with a status of 500 (Internal Server Error) @ http://localhost:8787/api/admin/solutions/all?limit=1:0
[10684315ms] [ERROR] Failed to load resource: the server responded with a status of 500 (Internal Server Error) @ http://localhost:8787/api/admin/solutions/all?limit=1:0
[10684478ms] [ERROR] Failed to load resource: the server responded with a status of 500 (Internal Server Error) @ http://localhost:8787/api/admin/solutions/all?limit=1:0
[10684635ms] [ERROR] Failed to load resource: the server responded with a status of 500 (Internal Server Error) @ http://localhost:8787/api/admin/solutions/all?limit=1:0
[11196674ms] [ERROR] Failed to load resource: the server responded with a status of 500 (Internal Server Error) @ http://localhost:8787/api/admin/solutions/all?limit=1:0
[11197685ms] [ERROR] Failed to load resource: the server responded with a status of 500 (Internal Server Error) @ http://localhost:8787/api/admin/solutions/all?limit=1:0
[11200428ms] [ERROR] Failed to load resource: the server responded with a status of 500 (Internal Server Error) @ http://localhost:8787/api/admin/solutions/all?limit=1:0
[11200900ms] [ERROR] Failed to load resource: the server responded with a status of 500 (Internal Server Error) @ http://localhost:8787/api/admin/solutions/all?limit=1:0
[11201149ms] [ERROR] Failed to load resource: the server responded with a status of 500 (Internal Server Error) @ http://localhost:8787/api/admin/solutions/all?limit=1:0
[11201324ms] [ERROR] Failed to load resource: the server responded with a status of 500 (Internal Server Error) @ http://localhost:8787/api/admin/solutions/all?limit=1:0
[11201490ms] [ERROR] Failed to load resource: the server responded with a status of 500 (Internal Server Error) @ http://localhost:8787/api/admin/solutions/all?limit=1:0
[11672133ms] [ERROR] Access to fetch at 'http://localhost:8787/api/admin/solutions/all?limit=1' from origin 'http://localhost:5173' has been blocked by CORS policy: No 'Access-Control-Allow-Origin' header is present on the requested resource. @ http://localhost:5173/admin/login:0
[11672133ms] [ERROR] Failed to load resource: net::ERR_FAILED @ http://localhost:8787/api/admin/solutions/all?limit=1:0
[11672708ms] [ERROR] Access to fetch at 'http://localhost:8787/api/admin/solutions/all?limit=1' from origin 'http://localhost:5173' has been blocked by CORS policy: No 'Access-Control-Allow-Origin' header is present on the requested resource. @ http://localhost:5173/admin/login:0
[11672709ms] [ERROR] Failed to load resource: net::ERR_FAILED @ http://localhost:8787/api/admin/solutions/all?limit=1:0
[11672860ms] [ERROR] Access to fetch at 'http://localhost:8787/api/admin/solutions/all?limit=1' from origin 'http://localhost:5173' has been blocked by CORS policy: No 'Access-Control-Allow-Origin' header is present on the requested resource. @ http://localhost:5173/admin/login:0
[11672860ms] [ERROR] Failed to load resource: net::ERR_FAILED @ http://localhost:8787/api/admin/solutions/all?limit=1:0
[11673025ms] [ERROR] Access to fetch at 'http://localhost:8787/api/admin/solutions/all?limit=1' from origin 'http://localhost:5173' has been blocked by CORS policy: No 'Access-Control-Allow-Origin' header is present on the requested resource. @ http://localhost:5173/admin/login:0
[11673026ms] [ERROR] Failed to load resource: net::ERR_FAILED @ http://localhost:8787/api/admin/solutions/all?limit=1:0
[11673176ms] [ERROR] Access to fetch at 'http://localhost:8787/api/admin/solutions/all?limit=1' from origin 'http://localhost:5173' has been blocked by CORS policy: No 'Access-Control-Allow-Origin' header is present on the requested resource. @ http://localhost:5173/admin/login:0
[11673176ms] [ERROR] Failed to load resource: net::ERR_FAILED @ http://localhost:8787/api/admin/solutions/all?limit=1:0
[11673330ms] [ERROR] Access to fetch at 'http://localhost:8787/api/admin/solutions/all?limit=1' from origin 'http://localhost:5173' has been blocked by CORS policy: No 'Access-Control-Allow-Origin' header is present on the requested resource. @ http://localhost:5173/admin/login:0
[11673330ms] [ERROR] Failed to load resource: net::ERR_FAILED @ http://localhost:8787/api/admin/solutions/all?limit=1:0
[11674836ms] [ERROR] Access to fetch at 'http://localhost:8787/api/admin/solutions/all?limit=1' from origin 'http://localhost:5173' has been blocked by CORS policy: No 'Access-Control-Allow-Origin' header is present on the requested resource. @ http://localhost:5173/admin/login:0
[11674836ms] [ERROR] Failed to load resource: net::ERR_FAILED @ http://localhost:8787/api/admin/solutions/all?limit=1:0
[11674988ms] [ERROR] Access to fetch at 'http://localhost:8787/api/admin/solutions/all?limit=1' from origin 'http://localhost:5173' has been blocked by CORS policy: No 'Access-Control-Allow-Origin' header is present on the requested resource. @ http://localhost:5173/admin/login:0
[11674988ms] [ERROR] Failed to load resource: net::ERR_FAILED @ http://localhost:8787/api/admin/solutions/all?limit=1:0
[11675159ms] [ERROR] Access to fetch at 'http://localhost:8787/api/admin/solutions/all?limit=1' from origin 'http://localhost:5173' has been blocked by CORS policy: No 'Access-Control-Allow-Origin' header is present on the requested resource. @ http://localhost:5173/admin/login:0
[11675160ms] [ERROR] Failed to load resource: net::ERR_FAILED @ http://localhost:8787/api/admin/solutions/all?limit=1:0
[11726888ms] [ERROR] Access to fetch at 'http://localhost:8787/api/admin/solutions/all?limit=1' from origin 'http://localhost:5173' has been blocked by CORS policy: No 'Access-Control-Allow-Origin' header is present on the requested resource. @ http://localhost:5173/admin/login:0
[11726888ms] [ERROR] Failed to load resource: net::ERR_FAILED @ http://localhost:8787/api/admin/solutions/all?limit=1:0
[11820023ms] [ERROR] Access to fetch at 'http://localhost:8787/api/admin/solutions/all?limit=1' from origin 'http://localhost:5173' has been blocked by CORS policy: No 'Access-Control-Allow-Origin' header is present on the requested resource. @ http://localhost:5173/admin/login:0
[11820024ms] [ERROR] Failed to load resource: net::ERR_FAILED @ http://localhost:8787/api/admin/solutions/all?limit=1:0
[11827877ms] [ERROR] Access to fetch at 'http://localhost:8787/api/admin/solutions/all?limit=1' from origin 'http://localhost:5173' has been blocked by CORS policy: No 'Access-Control-Allow-Origin' header is present on the requested resource. @ http://localhost:5173/admin/login:0
[11827877ms] [ERROR] Failed to load resource: net::ERR_FAILED @ http://localhost:8787/api/admin/solutions/all?limit=1:0
[11828704ms] [ERROR] Access to fetch at 'http://localhost:8787/api/admin/solutions/all?limit=1' from origin 'http://localhost:5173' has been blocked by CORS policy: No 'Access-Control-Allow-Origin' header is present on the requested resource. @ http://localhost:5173/admin/login:0
[11828704ms] [ERROR] Failed to load resource: net::ERR_FAILED @ http://localhost:8787/api/admin/solutions/all?limit=1:0
[11863481ms] [ERROR] WebSocket connection to 'ws://localhost:5173/' failed: Error in connection establishment: net::ERR_CONNECTION_REFUSED @ http://localhost:5173/@vite/client:1034
[11871815ms] [ERROR] Access to fetch at 'http://localhost:8787/api/admin/solutions/all?limit=1' from origin 'http://localhost:5173' has been blocked by CORS policy: No 'Access-Control-Allow-Origin' header is present on the requested resource. @ http://localhost:5173/admin/login:0
[11871815ms] [ERROR] Failed to load resource: net::ERR_FAILED @ http://localhost:8787/api/admin/solutions/all?limit=1:0
[12073402ms] [ERROR] Access to fetch at 'http://localhost:8787/api/admin/solutions/all?limit=1' from origin 'http://localhost:5173' has been blocked by CORS policy: No 'Access-Control-Allow-Origin' header is present on the requested resource. @ http://localhost:5173/admin/login:0
[12073402ms] [ERROR] Failed to load resource: net::ERR_FAILED @ http://localhost:8787/api/admin/solutions/all?limit=1:0
